2024-07-08T16:37:21.418Z [info]: Username from checkemail controller
2024-07-08T16:37:21.421Z [info]: Checking email: m.bagley@cofraholding.com for client code: TE16
2024-07-08T16:37:21.551Z [info]: Database connection established.
2024-07-08T16:37:21.630Z [info]: Inserted data into suppression_data: Megan, Bagley, COFRA Holding AG, m.bagley@cofraholding.com, TE16, linkedin.com/in/megan-bagley-51762a96/, Data not found in suppression
2024-07-08T16:37:21.634Z [info]: Transaction committed.
2024-07-08T16:37:21.634Z [info]: Database connection released.
2024-07-08T16:37:21.635Z [info]: Result: 
2024-07-08T16:41:12.705Z [info]: Username from checkemail controller
2024-07-08T16:41:12.706Z [info]: Checking email: prajwal_pawar@manlitics.com for client code: TE16
2024-07-08T16:41:12.837Z [info]: Database connection established.
2024-07-08T16:41:12.976Z [info]: Inserted data into suppression_data: Megan, Bagley, COFRA Holding AG, prajwal_pawar@manlitics.com, TE16, https://www.linkedin.com/in/megan-bagley-51762a96/, Data not found in suppression
2024-07-08T16:41:12.980Z [info]: Transaction committed.
2024-07-08T16:41:12.980Z [info]: Database connection released.
2024-07-08T16:41:12.981Z [info]: Result: 
2024-07-08T17:31:37.167Z [info]: Username from checkemail controller
2024-07-08T17:31:37.177Z [info]: Checking email: m.bagley@cofraholding.comsfsf for client code: DI31
2024-07-08T17:31:37.484Z [info]: Database connection established.
2024-07-08T17:31:37.621Z [info]: Inserted data into suppression_data: Megan, sfsdf, sdfdsf, m.bagley@cofraholding.comsfsf, DI31, sdfsdf, Data not found in suppression
2024-07-08T17:31:37.628Z [info]: Transaction committed.
2024-07-08T17:31:37.628Z [info]: Database connection released.
2024-07-08T17:31:37.631Z [info]: Result: 
2024-07-08T17:34:28.069Z [info]: Username from checkemail controller
2024-07-08T17:34:28.072Z [info]: Checking email: m.bagley@cofraholding.com for client code: MA99
2024-07-08T17:34:28.155Z [info]: Database connection established.
2024-07-08T17:34:28.273Z [info]: Inserted data into suppression_data: sfsdf, sdfsdf, dfsf, m.bagley@cofraholding.com, MA99, sdfsdf, Data not found in suppression
2024-07-08T17:34:28.274Z [info]: Transaction committed.
2024-07-08T17:34:28.275Z [info]: Database connection released.
2024-07-08T17:34:28.275Z [info]: Result: [{"match_status":"Unmatch","email_status":null,"client_code_status":"Unmatch","linkedin_link_status":null,"data_found_status":"Data not found in suppression"}]2024-07-16T13:59:57.742Z [info]: Username from checkemail controller
2024-07-16T13:59:57.745Z [info]: Checking email: prajwal_pawar@manlitics.com for client code: TE16
2024-07-16T13:59:57.829Z [info]: Database connection established.
2024-07-16T13:59:57.884Z [info]: Inserted data into suppression_data: sdsfsd, sdfsdfs, sdfsdf, prajwal_pawar@manlitics.com, TE16, sdfsdf, Data not found in suppression
2024-07-16T13:59:57.887Z [info]: Transaction committed.
2024-07-16T13:59:57.888Z [info]: Database connection released.
2024-07-16T13:59:57.888Z [info]: Result: [{"match_status":"Unmatch","email_status":null,"client_code_status":"Unmatch","linkedin_link_status":null,"data_found_status":"Data not found in suppression"}]
2024-07-16T14:02:15.875Z [info]: prajwal,Username from checkemail controller
2024-07-16T14:02:15.878Z [info]: Checking email: m.bagley@cofraholding.com for client code: AR13
2024-07-16T14:02:15.961Z [info]: Database connection established.
2024-07-16T14:02:15.972Z [info]: Inserted data into suppression_data: sdfsdf, sdfsdf, sdfsdf, m.bagley@cofraholding.com, AR13, sdfdf, Data not found in suppression
2024-07-16T14:02:15.974Z [info]: Transaction committed.
2024-07-16T14:02:15.975Z [info]: Database connection released.
2024-07-16T14:02:15.975Z [info]: Result: [{"match_status":"Unmatch","email_status":null,"client_code_status":"Unmatch","linkedin_link_status":null,"data_found_status":"Data not found in suppression"}]
2024-07-16T14:07:14.813Z [info]: Username prajwal from checkemail
2024-07-16T14:07:14.816Z [info]: Checking email: prajwal_pawar@manlitics.com for client code: AR13
2024-07-16T14:07:14.896Z [info]: Database connection established.
2024-07-16T14:07:14.920Z [info]: Inserted data into suppression_data: sfdsdf, dsfsd, sdfdsf, prajwal_pawar@manlitics.com, AR13, sdfsdf, Data not found in suppression
2024-07-16T14:07:14.922Z [info]: Transaction committed.
2024-07-16T14:07:14.923Z [info]: Database connection released.
2024-07-16T14:07:14.924Z [info]: Result: [{"match_status":"Unmatch","email_status":null,"client_code_status":"Unmatch","linkedin_link_status":null,"data_found_status":"Data not found in suppression"}]
2024-07-16T15:35:07.274Z [info]: Username prajwal from checkemail
2024-07-16T15:35:07.277Z [info]: Checking email: m.bagley@cofraholding.com for client code: TE16
2024-07-16T15:35:07.350Z [info]: Database connection established.
2024-07-16T15:35:07.453Z [info]: Inserted data into suppression_data: sdfsdf, sdfsdf, sdfsdf, m.bagley@cofraholding.com, TE16, sdfsdf, Data not found in suppression
2024-07-16T15:35:07.459Z [info]: Transaction committed.
2024-07-16T15:35:07.460Z [info]: Database connection released.
2024-07-16T15:35:07.461Z [info]: Result: [{"match_status":"Unmatch","email_status":"unmatch (null)","client_code_status":"Unmatch","linkedin_link_status":"unmatch (null)","data_found_status":"Data not found in suppression"}]
2024-07-16T15:35:25.069Z [info]: Username prajwal from checkemail
2024-07-16T15:35:25.070Z [info]: Checking email: m.bagley@cofraholding.com for client code: TE16
2024-07-16T15:35:25.253Z [info]: Database connection established.
2024-07-16T15:35:25.337Z [info]: Inserted data into suppression_data: sdfsdf, sdfsdf, sdfsdf, m.bagley@cofraholding.com, TE16, linkedin.com/in/megan-bagley-51762a96/, Data not found in suppression
2024-07-16T15:35:25.364Z [info]: Transaction committed.
2024-07-16T15:35:25.365Z [info]: Database connection released.
2024-07-16T15:35:25.365Z [info]: Result: [{"match_status":"Unmatch","email_status":"unmatch (null)","client_code_status":"Unmatch","linkedin_link_status":"unmatch (null)","data_found_status":"Data not found in suppression"}]
2024-07-16T15:39:31.044Z [info]: Username prajwal from checkemail
2024-07-16T15:39:31.045Z [info]: Checking email: m.bagley@cofraholding.com for client code: TE16
2024-07-16T15:39:31.138Z [info]: Database connection established.
2024-07-16T15:39:31.149Z [info]: Data already exists in suppression_data.
2024-07-16T15:39:31.150Z [info]: Transaction committed.
2024-07-16T15:39:31.151Z [info]: Database connection released.
2024-07-16T15:39:31.151Z [info]: Result: [{"match_status":"Unmatch","email_status":"unmatch (null)","client_code_status":"Unmatch","linkedin_link_status":"unmatch (null)","data_found_status":"Data not found in suppression"}]
2024-07-16T15:39:35.391Z [info]: Username prajwal from checkemail
2024-07-16T15:39:35.392Z [info]: Checking email: m.bagley@cofraholding.com for client code: TE16
2024-07-16T15:39:35.395Z [info]: Database connection established.
2024-07-16T15:39:35.399Z [info]: Data already exists in suppression_data.
2024-07-16T15:39:35.400Z [info]: Transaction committed.
2024-07-16T15:39:35.401Z [info]: Database connection released.
2024-07-16T15:39:35.401Z [info]: Result: [{"match_status":"Unmatch","email_status":"unmatch (null)","client_code_status":"Unmatch","linkedin_link_status":"unmatch (null)","data_found_status":"Data not found in suppression"}]
2024-07-16T15:41:46.943Z [info]: Username prajwal from checkemail
2024-07-16T15:41:46.946Z [info]: Checking email: m.bagley@cofraholding.com for client code: AR13
2024-07-16T15:41:47.010Z [info]: Database connection established.
2024-07-16T15:41:47.038Z [info]: Inserted data into suppression_data: asdfsd, sdfsdf, sdfsdf, m.bagley@cofraholding.com, AR13, linkedin.com/in/megan-bagley-51762a96/, Data not found in suppression
2024-07-16T15:41:47.041Z [info]: Transaction committed.
2024-07-16T15:41:47.042Z [info]: Database connection released.
2024-07-16T15:41:47.044Z [info]: Result: [{"match_status":"Unmatch","email_status":"unmatch","client_code_status":"Unmatch","linkedin_link_status":"unmatch","data_found_status":"Data not found in suppression"}]
2024-07-16T15:43:54.897Z [info]: Username prajwal from checkemail
2024-07-16T15:43:54.898Z [info]: Checking email: richard.smith@romewi.com for client code: DI31
2024-07-16T15:43:55.168Z [info]: Database connection established.
2024-07-16T15:43:55.402Z [info]: Transaction committed.
2024-07-16T15:43:55.403Z [info]: Database connection released.
2024-07-16T15:43:55.403Z [info]: Result: [{"match_status":"Unmatch","email_status":"unmatch","client_code_status":"Match","linkedin_link_status":"Match","data_found_status":"Data found in suppression"},{"match_status":"Unmatch","email_status":"unmatch","client_code_status":"Match","linkedin_link_status":"Match","data_found_status":"Data found in suppression"},{"match_status":"Unmatch","email_status":"unmatch","client_code_status":"Match","linkedin_link_status":"Match","data_found_status":"Data found in suppression"},{"match_status":"Unmatch","email_status":"unmatch","client_code_status":"Match","linkedin_link_status":"Match","data_found_status":"Data found in suppression"},{"match_status":"Unmatch","email_status":"unmatch","client_code_status":"Match","linkedin_link_status":"Match","data_found_status":"Data found in suppression"},{"match_status":"Unmatch","email_status":"unmatch","client_code_status":"Match","linkedin_link_status":"Match","data_found_status":"Data found in suppression"},{"match_status":"Unmatch","email_status":"unmatch","client_code_status":"Match","linkedin_link_status":"Match","data_found_status":"Data found in suppression"},{"match_status":"Unmatch","email_status":"unmatch","client_code_status":"Match","linkedin_link_status":"Match","data_found_status":"Data found in suppression"},{"match_status":"Match","email_status":"Match","client_code_status":"Match","linkedin_link_status":"Match","data_found_status":"Data found in suppression"},{"match_status":"Unmatch","email_status":"unmatch","client_code_status":"Match","linkedin_link_status":"Match","data_found_status":"Data found in suppression"},{"match_status":"Unmatch","email_status":"unmatch","client_code_status":"Match","linkedin_link_status":"Match","data_found_status":"Data found in suppression"},{"match_status":"Unmatch","email_status":"unmatch","client_code_status":"Match","linkedin_link_status":"Match","data_found_status":"Data found in suppression"},{"match_status":"Unmatch","email_status":"unmatch","client_code_status":"Match","linkedin_link_status":"Match","data_found_status":"Data found in suppression"},{"match_status":"Unmatch","email_status":"unmatch","client_code_status":"Match","linkedin_link_status":"Match","data_found_status":"Data found in suppression"},{"match_status":"Unmatch","email_status":"unmatch","client_code_status":"Match","linkedin_link_status":"Match","data_found_status":"Data found in suppression"},{"match_status":"Unmatch","email_status":"unmatch","client_code_status":"Match","linkedin_link_status":"Match","data_found_status":"Data found in suppression"},{"match_status":"Unmatch","email_status":"unmatch","client_code_status":"Match","linkedin_link_status":"Match","data_found_status":"Data found in suppression"},{"match_status":"Unmatch","email_status":"unmatch","client_code_status":"Match","linkedin_link_status":"Match","data_found_status":"Data found in suppression"},{"match_status":"Unmatch","email_status":"unmatch","client_code_status":"Match","linkedin_link_status":"Match","data_found_status":"Data found in suppression"},{"match_status":"Unmatch","email_status":"unmatch","client_code_status":"Match","linkedin_link_status":"Match","data_found_status":"Data found in suppression"},{"match_status":"Unmatch","email_status":"unmatch","client_code_status":"Match","linkedin_link_status":"Match","data_found_status":"Data found in suppression"},{"match_status":"Unmatch","email_status":"unmatch","client_code_status":"Match","linkedin_link_status":"Match","data_found_status":"Data found in suppression"},{"match_status":"Unmatch","email_status":"unmatch","client_code_status":"Match","linkedin_link_status":"Match","data_found_status":"Data found in suppression"},{"match_status":"Unmatch","email_status":"unmatch","client_code_status":"Match","linkedin_link_status":"Match","data_found_status":"Data found in suppression"},{"match_status":"Unmatch","email_status":"unmatch","client_code_status":"Match","linkedin_link_status":"Match","data_found_status":"Data found in suppression"},{"match_status":"Unmatch","email_status":"unmatch","client_code_status":"Match","linkedin_link_status":"Match","data_found_status":"Data found in suppression"},{"match_status":"Unmatch","email_status":"unmatch","client_code_status":"Match","linkedin_link_status":"Match","data_found_status":"Data found in suppression"},{"match_status":"Unmatch","email_status":"unmatch","client_code_status":"Match","linkedin_link_status":"Match","data_found_status":"Data found in suppression"},{"match_status":"Unmatch","email_status":"unmatch","client_code_status":"Match","linkedin_link_status":"Match","data_found_status":"Data found in suppression"},{"match_status":"Unmatch","email_status":"unmatch","client_code_status":"Match","linkedin_link_status":"Match","data_found_status":"Data found in suppression"},{"match_status":"Unmatch","email_status":"unmatch","client_code_status":"Match","linkedin_link_status":"Match","data_found_status":"Data found in suppression"},{"match_status":"Unmatch","email_status":"unmatch","client_code_status":"Match","linkedin_link_status":"Match","data_found_status":"Data found in suppression"},{"match_status":"Unmatch","email_status":"unmatch","client_code_status":"Match","linkedin_link_status":"Match","data_found_status":"Data found in suppression"},{"match_status":"Unmatch","email_status":"unmatch","client_code_status":"Match","linkedin_link_status":"Match","data_found_status":"Data found in suppression"},{"match_status":"Unmatch","email_status":"unmatch","client_code_status":"Match","linkedin_link_status":"Match","data_found_status":"Data found in suppression"},{"match_status":"Unmatch","email_status":"unmatch","client_code_status":"Match","linkedin_link_status":"Match","data_found_status":"Data found in suppression"},{"match_status":"Unmatch","email_status":"unmatch","client_code_status":"Match","linkedin_link_status":"Match","data_found_status":"Data found in suppression"},{"match_status":"Unmatch","email_status":"unmatch","client_code_status":"Match","linkedin_link_status":"Match","data_found_status":"Data found in suppression"},{"match_status":"Unmatch","email_status":"unmatch","client_code_status":"Match","linkedin_link_status":"Match","data_found_status":"Data found in suppression"},{"match_status":"Unmatch","email_status":"unmatch","client_code_status":"Match","linkedin_link_status":"Match","data_found_status":"Data found in suppression"},{"match_status":"Unmatch","email_status":"unmatch","client_code_status":"Match","linkedin_link_status":"Match","data_found_status":"Data found in suppression"},{"match_status":"Unmatch","email_status":"unmatch","client_code_status":"Match","linkedin_link_status":"Match","data_found_status":"Data found in suppression"},{"match_status":"Unmatch","email_status":"unmatch","client_code_status":"Match","linkedin_link_status":"Match","data_found_status":"Data found in suppression"},{"match_status":"Unmatch","email_status":"unmatch","client_code_status":"Match","linkedin_link_status":"Match","data_found_status":"Data found in suppression"},{"match_status":"Unmatch","email_status":"unmatch","client_code_status":"Match","linkedin_link_status":"Match","data_found_status":"Data found in suppression"},{"match_status":"Unmatch","email_status":"unmatch","client_code_status":"Match","linkedin_link_status":"Match","data_found_status":"Data found in suppression"},{"match_status":"Unmatch","email_status":"unmatch","client_code_status":"Match","linkedin_link_status":"Match","data_found_status":"Data found in suppression"},{"match_status":"Unmatch","email_status":"unmatch","client_code_status":"Match","linkedin_link_status":"Match","data_found_status":"Data found in suppression"},{"match_status":"Unmatch","email_status":"unmatch","client_code_status":"Match","linkedin_link_status":"Match","data_found_status":"Data found in suppression"},{"match_status":"Unmatch","email_status":"unmatch","client_code_status":"Match","linkedin_link_status":"Match","data_found_status":"Data found in suppression"},{"match_status":"Unmatch","email_status":"unmatch","client_code_status":"Match","linkedin_link_status":"Match","data_found_status":"Data found in suppression"},{"match_status":"Unmatch","email_status":"unmatch","client_code_status":"Match","linkedin_link_status":"Match","data_found_status":"Data found in suppression"},{"match_status":"Unmatch","email_status":"unmatch","client_code_status":"Match","linkedin_link_status":"Match","data_found_status":"Data found in suppression"},{"match_status":"Unmatch","email_status":"unmatch","client_code_status":"Match","linkedin_link_status":"Match","data_found_status":"Data found in suppression"},{"match_status":"Unmatch","email_status":"unmatch","client_code_status":"Match","linkedin_link_status":"Match","data_found_status":"Data found in suppression"},{"match_status":"Unmatch","email_status":"unmatch","client_code_status":"Match","linkedin_link_status":"Match","data_found_status":"Data found in suppression"},{"match_status":"Unmatch","email_status":"unmatch","client_code_status":"Match","linkedin_link_status":"Match","data_found_status":"Data found in suppression"},{"match_status":"Unmatch","email_status":"unmatch","client_code_status":"Match","linkedin_link_status":"Match","data_found_status":"Data found in suppression"},{"match_status":"Unmatch","email_status":"unmatch","client_code_status":"Match","linkedin_link_status":"Match","data_found_status":"Data found in suppression"},{"match_status":"Unmatch","email_status":"unmatch","client_code_status":"Match","linkedin_link_status":"Match","data_found_status":"Data found in suppression"},{"match_status":"Unmatch","email_status":"unmatch","client_code_status":"Match","linkedin_link_status":"Match","data_found_status":"Data found in suppression"},{"match_status":"Unmatch","email_status":"unmatch","client_code_status":"Match","linkedin_link_status":"Match","data_found_status":"Data found in suppression"},{"match_status":"Unmatch","email_status":"unmatch","client_code_status":"Match","linkedin_link_status":"Match","data_found_status":"Data found in suppression"},{"match_status":"Unmatch","email_status":"unmatch","client_code_status":"Match","linkedin_link_status":"Match","data_found_status":"Data found in suppression"},{"match_status":"Unmatch","email_status":"unmatch","client_code_status":"Match","linkedin_link_status":"Match","data_found_status":"Data found in suppression"},{"match_status":"Unmatch","email_status":"unmatch","client_code_status":"Match","linkedin_link_status":"Match","data_found_status":"Data found in suppression"},{"match_status":"Unmatch","email_status":"unmatch","client_code_status":"Match","linkedin_link_status":"Match","data_found_status":"Data found in suppression"},{"match_status":"Unmatch","email_status":"unmatch","client_code_status":"Match","linkedin_link_status":"Match","data_found_status":"Data found in suppression"},{"match_status":"Unmatch","email_status":"unmatch","client_code_status":"Match","linkedin_link_status":"Match","data_found_status":"Data found in suppression"},{"match_status":"Unmatch","email_status":"unmatch","client_code_status":"Match","linkedin_link_status":"Match","data_found_status":"Data found in suppression"},{"match_status":"Unmatch","email_status":"unmatch","client_code_status":"Match","linkedin_link_status":"Match","data_found_status":"Data found in suppression"},{"match_status":"Unmatch","email_status":"unmatch","client_code_status":"Match","linkedin_link_status":"Match","data_found_status":"Data found in suppression"},{"match_status":"Unmatch","email_status":"unmatch","client_code_status":"Match","linkedin_link_status":"Match","data_found_status":"Data found in suppression"},{"match_status":"Unmatch","email_status":"unmatch","client_code_status":"Match","linkedin_link_status":"Match","data_found_status":"Data found in suppression"},{"match_status":"Unmatch","email_status":"unmatch","client_code_status":"Match","linkedin_link_status":"Match","data_found_status":"Data found in suppression"},{"match_status":"Unmatch","email_status":"unmatch","client_code_status":"Match","linkedin_link_status":"Match","data_found_status":"Data found in suppression"},{"match_status":"Unmatch","email_status":"unmatch","client_code_status":"Match","linkedin_link_status":"Match","data_found_status":"Data found in suppression"},{"match_status":"Unmatch","email_status":"unmatch","client_code_status":"Match","linkedin_link_status":"Match","data_found_status":"Data found in suppression"},{"match_status":"Unmatch","email_status":"unmatch","client_code_status":"Match","linkedin_link_status":"Match","data_found_status":"Data found in suppression"},{"match_status":"Unmatch","email_status":"unmatch","client_code_status":"Match","linkedin_link_status":"Match","data_found_status":"Data found in suppression"},{"match_status":"Unmatch","email_status":"unmatch","client_code_status":"Match","linkedin_link_status":"Match","data_found_status":"Data found in suppression"},{"match_status":"Unmatch","email_status":"unmatch","client_code_status":"Match","linkedin_link_status":"Match","data_found_status":"Data found in suppression"},{"match_status":"Unmatch","email_status":"unmatch","client_code_status":"Match","linkedin_link_status":"Match","data_found_status":"Data found in suppression"},{"match_status":"Unmatch","email_status":"unmatch","client_code_status":"Match","linkedin_link_status":"Match","data_found_status":"Data found in suppression"},{"match_status":"Unmatch","email_status":"unmatch","client_code_status":"Match","linkedin_link_status":"Match","data_found_status":"Data found in suppression"},{"match_status":"Unmatch","email_status":"unmatch","client_code_status":"Match","linkedin_link_status":"Match","data_found_status":"Data found in suppression"},{"match_status":"Unmatch","email_status":"unmatch","client_code_status":"Match","linkedin_link_status":"Match","data_found_status":"Data found in suppression"},{"match_status":"Unmatch","email_status":"unmatch","client_code_status":"Match","linkedin_link_status":"Match","data_found_status":"Data found in suppression"},{"match_status":"Unmatch","email_status":"unmatch","client_code_status":"Match","linkedin_link_status":"Match","data_found_status":"Data found in suppression"},{"match_status":"Unmatch","email_status":"unmatch","client_code_status":"Match","linkedin_link_status":"Match","data_found_status":"Data found in suppression"},{"match_status":"Unmatch","email_status":"unmatch","client_code_status":"Match","linkedin_link_status":"Match","data_found_status":"Data found in suppression"},{"match_status":"Unmatch","email_status":"unmatch","client_code_status":"Match","linkedin_link_status":"Match","data_found_status":"Data found in suppression"},{"match_status":"Unmatch","email_status":"unmatch","client_code_status":"Match","linkedin_link_status":"Match","data_found_status":"Data found in suppression"},{"match_status":"Unmatch","email_status":"unmatch","client_code_status":"Match","linkedin_link_status":"Match","data_found_status":"Data found in suppression"},{"match_status":"Unmatch","email_status":"unmatch","client_code_status":"Match","linkedin_link_status":"Match","data_found_status":"Data found in suppression"},{"match_status":"Unmatch","email_status":"unmatch","client_code_status":"Match","linkedin_link_status":"Match","data_found_status":"Data found in suppression"},{"match_status":"Unmatch","email_status":"unmatch","client_code_status":"Match","linkedin_link_status":"Match","data_found_status":"Data found in suppression"},{"match_status":"Unmatch","email_status":"unmatch","client_code_status":"Match","linkedin_link_status":"Match","data_found_status":"Data found in suppression"},{"match_status":"Unmatch","email_status":"unmatch","client_code_status":"Match","linkedin_link_status":"Match","data_found_status":"Data found in suppression"},{"match_status":"Unmatch","email_status":"unmatch","client_code_status":"Match","linkedin_link_status":"Match","data_found_status":"Data found in suppression"},{"match_status":"Unmatch","email_status":"unmatch","client_code_status":"Match","linkedin_link_status":"Match","data_found_status":"Data found in suppression"},{"match_status":"Unmatch","email_status":"unmatch","client_code_status":"Match","linkedin_link_status":"Match","data_found_status":"Data found in suppression"},{"match_status":"Unmatch","email_status":"unmatch","client_code_status":"Match","linkedin_link_status":"Match","data_found_status":"Data found in suppression"},{"match_status":"Unmatch","email_status":"unmatch","client_code_status":"Match","linkedin_link_status":"Match","data_found_status":"Data found in suppression"},{"match_status":"Unmatch","email_status":"unmatch","client_code_status":"Match","linkedin_link_status":"Match","data_found_status":"Data found in suppression"},{"match_status":"Unmatch","email_status":"unmatch","client_code_status":"Match","linkedin_link_status":"Match","data_found_status":"Data found in suppression"},{"match_status":"Unmatch","email_status":"unmatch","client_code_status":"Match","linkedin_link_status":"Match","data_found_status":"Data found in suppression"},{"match_status":"Unmatch","email_status":"unmatch","client_code_status":"Match","linkedin_link_status":"Match","data_found_status":"Data found in suppression"},{"match_status":"Unmatch","email_status":"unmatch","client_code_status":"Match","linkedin_link_status":"Match","data_found_status":"Data found in suppression"},{"match_status":"Unmatch","email_status":"unmatch","client_code_status":"Match","linkedin_link_status":"Match","data_found_status":"Data found in suppression"},{"match_status":"Unmatch","email_status":"unmatch","client_code_status":"Match","linkedin_link_status":"Match","data_found_status":"Data found in suppression"},{"match_status":"Unmatch","email_status":"unmatch","client_code_status":"Match","linkedin_link_status":"Match","data_found_status":"Data found in suppression"},{"match_status":"Unmatch","email_status":"unmatch","client_code_status":"Match","linkedin_link_status":"Match","data_found_status":"Data found in suppression"},{"match_status":"Unmatch","email_status":"unmatch","client_code_status":"Match","linkedin_link_status":"Match","data_found_status":"Data found in suppression"},{"match_status":"Unmatch","email_status":"unmatch","client_code_status":"Match","linkedin_link_status":"Match","data_found_status":"Data found in suppression"},{"match_status":"Unmatch","email_status":"unmatch","client_code_status":"Match","linkedin_link_status":"Match","data_found_status":"Data found in suppression"},{"match_status":"Unmatch","email_status":"unmatch","client_code_status":"Match","linkedin_link_status":"Match","data_found_status":"Data found in suppression"},{"match_status":"Unmatch","email_status":"unmatch","client_code_status":"Match","linkedin_link_status":"Match","data_found_status":"Data found in suppression"},{"match_status":"Unmatch","email_status":"unmatch","client_code_status":"Match","linkedin_link_status":"Match","data_found_status":"Data found in suppression"},{"match_status":"Unmatch","email_status":"unmatch","client_code_status":"Match","linkedin_link_status":"Match","data_found_status":"Data found in suppression"}]
2024-07-16T15:44:03.725Z [info]: Username prajwal from checkemail
2024-07-16T15:44:03.725Z [info]: Checking email: richard.smith@romewi.com for client code: DI31
2024-07-16T15:44:03.726Z [info]: Database connection established.
2024-07-16T15:44:03.792Z [info]: Transaction committed.
2024-07-16T15:44:03.792Z [info]: Database connection released.
2024-07-16T15:44:03.793Z [info]: Result: [{"match_status":"Match","email_status":"Match","client_code_status":"Match","linkedin_link_status":"unmatch","data_found_status":"Data found in suppression"}]
2024-07-16T15:47:02.440Z [info]: Username prajwal from checkemail
2024-07-16T15:47:02.441Z [info]: Checking email: stephen.rudolph@centimark.com for client code: TE72
2024-07-16T15:47:02.733Z [info]: Database connection established.
2024-07-16T15:47:02.780Z [info]: Transaction committed.
2024-07-16T15:47:02.781Z [info]: Database connection released.
2024-07-16T15:47:02.781Z [info]: Result: [{"match_status":"Unmatch","email_status":"Match","client_code_status":"Unmatch","linkedin_link_status":"unmatch","data_found_status":"Data found in suppression"}]
2024-07-16T15:54:32.957Z [info]: Username prajwal from checkemail
2024-07-16T15:54:32.960Z [info]: Checking email: m.bagley@cofraholding.com for client code: TE16
2024-07-16T15:54:33.032Z [info]: Database connection established.
2024-07-16T15:54:33.051Z [info]: Data already exists in suppression_data.
2024-07-16T15:54:33.051Z [info]: Transaction committed.
2024-07-16T15:54:33.052Z [info]: Database connection released.
2024-07-16T15:54:33.052Z [info]: Result: [{"match_status":"Unmatch","email_status":"unmatch","client_code_status":"Unmatch","linkedin_link_status":"unmatch","data_found_status":"Data not found in suppression"}]
2024-07-16T15:55:29.364Z [info]: Username prajwal from checkemail
2024-07-16T15:55:29.364Z [info]: Checking email: m.bagley@cofraholding.com for client code: TE16
2024-07-16T15:55:29.420Z [info]: Database connection established.
2024-07-16T15:55:29.430Z [info]: Data already exists in suppression_data.
2024-07-16T15:55:29.432Z [info]: Transaction committed.
2024-07-16T15:55:29.432Z [info]: Database connection released.
2024-07-16T15:55:29.432Z [info]: Result: [{"match_status":"Unmatch","email_status":"unmatch","client_code_status":"Unmatch","linkedin_link_status":"unmatch","data_found_status":"Data not found in suppression"}]
2024-07-16T16:08:14.388Z [info]: Username prajwal from checkemail
2024-07-16T16:08:14.402Z [info]: Checking email: prajwal_pawar@manlitics.com for client code: AR13
2024-07-16T16:08:14.637Z [info]: Database connection established.
2024-07-16T16:08:14.683Z [info]: Inserted data into suppression_data: sdfsd, dfsdfs, COFRA Holding AG, prajwal_pawar@manlitics.com, AR13, sdfsdf, Data not found in suppression
2024-07-16T16:08:14.836Z [info]: Transaction committed.
2024-07-16T16:08:14.837Z [info]: Database connection released.
2024-07-16T16:08:14.837Z [info]: Result: [{"match_status":"Unmatch","email_status":"unmatch","client_code_status":"Unmatch","linkedin_link_status":"unmatch","data_found_status":"Data not found in suppression"}]
2024-07-16T20:39:04.393Z [info]: Total rows (including header): 2006
2024-07-16T20:39:04.394Z [info]: Processing 2005 rows of data.
2024-07-16T20:39:04.395Z [warn]: Missing required headers: date_, month_, campaign_id, client, end_client_name, campaign_name, first_name, last_name, company_name, country, phone, email, linkedin_link, job_title, employee_size, asset, delivery_spoc, left_3, left_4, call_disposition, bcl_ops_tl_name, response_date
2024-07-16T21:11:55.538Z [info]: Total rows (including header): 2006
2024-07-16T21:11:55.540Z [info]: Processing 2005 rows of data.
2024-07-16T21:11:55.541Z [warn]: Missing required headers: date_, month_, campaign_id, client, end_client_name, campaign_name, first_name, last_name, company_name, country, phone, email, linkedin_link, job_title, employee_size, asset, delivery_spoc, left_3, left_4, call_disposition, bcl_ops_tl_name, response_date
2024-07-16T21:39:41.922Z [info]: Total rows (including header): 2006
2024-07-16T21:39:41.925Z [info]: Processing 2005 rows of data.
2024-07-16T21:39:41.925Z [warn]: Missing required headers: date_, month_, campaign_id, client, end_client_name, campaign_name, first_name, last_name, company_name, country, phone, email, linkedin_link, job_title, employee_size, asset, delivery_spoc, left_3, left_4, call_disposition, bcl_ops_tl_name, response_date
2024-07-17T16:04:09.289Z [info]: Username prajwal from checkemail
2024-07-17T16:04:09.291Z [info]: Checking email: m.bagley@cofraholding.com for client code: TE16
2024-07-17T16:04:09.358Z [info]: Database connection established.
2024-07-17T16:04:09.416Z [info]: Inserted data into suppression_data: sdfsdf, sdfsdf, sdfsd, m.bagley@cofraholding.com, TE16, sdfsdf, Data not found in suppression
2024-07-17T16:04:09.485Z [info]: Transaction committed.
2024-07-17T16:04:09.486Z [info]: Database connection released.
2024-07-17T16:04:09.486Z [info]: Result: [{"match_status":"Unmatch","email_status":"unmatch","client_code_status":"Unmatch","linkedin_link_status":"unmatch","data_found_status":"Data not found in suppression"}]
2024-07-17T16:04:25.603Z [info]: Username prajwal from checkemail
2024-07-17T16:04:25.604Z [info]: Checking email: m.bagley@cofraholding.com for client code: TE16
2024-07-17T16:04:25.765Z [info]: Database connection established.
2024-07-17T16:04:25.774Z [info]: Data already exists in suppression_data.
2024-07-17T16:04:25.776Z [info]: Transaction committed.
2024-07-17T16:04:25.776Z [info]: Database connection released.
2024-07-17T16:04:25.776Z [info]: Result: [{"match_status":"Unmatch","email_status":"unmatch","client_code_status":"Unmatch","linkedin_link_status":"unmatch","data_found_status":"Data not found in suppression"}]
2024-07-17T16:04:31.669Z [info]: Username prajwal from checkemail
2024-07-17T16:04:31.670Z [info]: Checking email: m.bagley@cofraholding.com for client code: TE16
2024-07-17T16:04:31.671Z [info]: Database connection established.
2024-07-17T16:04:31.672Z [info]: Data already exists in suppression_data.
2024-07-17T16:04:31.673Z [info]: Transaction committed.
2024-07-17T16:04:31.673Z [info]: Database connection released.
2024-07-17T16:04:31.673Z [info]: Result: [{"match_status":"Unmatch","email_status":"unmatch","client_code_status":"Unmatch","linkedin_link_status":"unmatch","data_found_status":"Data not found in suppression"}]
2024-07-17T16:05:49.798Z [warn]: Uploaded file is not an Excel file.
2024-07-17T19:49:21.753Z [info]: Username prajwal from checkemail
2024-07-17T19:49:21.755Z [info]: Checking email: prajwal_pawar@manlitics.com for client code: TE16
2024-07-17T19:49:21.811Z [info]: Database connection established.
2024-07-17T19:49:21.840Z [info]: Inserted data into suppression_data: sdf, sdf, sdfsdf, prajwal_pawar@manlitics.com, TE16, sdfdsf, Data not found in suppression
2024-07-17T19:49:21.843Z [info]: Transaction committed.
2024-07-17T19:49:21.844Z [info]: Database connection released.
2024-07-17T19:49:21.844Z [info]: Result: [{"match_status":"Unmatch","email_status":"unmatch","client_code_status":"Unmatch","linkedin_link_status":"unmatch","data_found_status":"Data not found in suppression"}]
2024-09-17T18:22:11.082Z [info]: Total rows (including header): 47
2024-09-17T18:22:11.085Z [info]: Processing 46 rows of data.
2024-09-17T18:22:11.086Z [warn]: Missing required headers: date_, month_, campaign_id, client, end_client_name, campaign_name, first_name, last_name, company_name, country, phone, email, linkedin_link, job_title, employee_size, asset, delivery_spoc, left_3, left_4, call_disposition, bcl_ops_tl_name, response_date
